{
  "timestamp": "2025-11-17T14:17:20.793212",
  "duration_seconds": 212.9,
  "overall_status": "FAILED",
  "error_count": 4,
  "warning_count": 3,
  "steps": [
    {
      "name": "Python Linting",
      "status": "error",
      "message": "98 errors found (all packages)",
      "duration": 1.73,
      "details": {
        "error_count": 98,
        "output": "packages/sd-generator-cli/sd_generator_cli/api/annotator.py:13:121: E501 line too long (123 > 120 characters)\npackages/sd-generator-cli/sd_generator_cli/api/annotator.py:14:5: F401 '..templating.models.config_models.AnnotationsConfig' imported but unused\npackages/sd-generator-cli/sd_generator_cli/api/batch_generator.py:10:1: F401 'pathlib.Path' imported but unused\npackages/sd-generator-cli/sd_generator_cli/api/batch_generator.py:12:1: F401 '.sdapi_client.GenerationConfig' imported but unused\npackages/sd-generator-cli/sd_generator_cli/api/batch_generator.py:58:23: E128 continuation line under-indented for visual indent\npackages/sd-generator-cli/sd_generator_cli/api/batch_generator.py:59:23: E128 continuation line under-indented for visual indent\npackages/sd-generator-cli/sd_generator_cli/api/batch_generator.py:60:23: E128 continuation line under-indented for visual indent\npackages/sd-generator-cli/sd_generator_cli/api/batch_generator.py:60:121: E501 line too long (137 > 120 characters)\npackages/sd-generator-cli/sd_generator_cli/api/batch_generator.py:135:121: E501 line too long (121 > 120 characters)\npackages/sd-generator-cli/sd_generator_cli/api/batch_generator.py:154:26: E128 continuation line under-indented for visual indent\npackages/sd-generator-cli/sd_generator_cli/api/batch_generator.py:155:26: E128 continuation line under-indented for visual indent\npackages/sd-generator-cli/sd_generator_cli/api/batch_generator.py:156:26: E128 continuation line under-indented for visual indent\npackages/sd-generator-cli/sd_generator_cli/api/progress_reporter.py:122:15: F541 f-string is missing placeholders\npackages/sd-generator-cli/sd_generator_cli/api/progress_reporter.py:148:21: E128 continuation line under-indented for visual indent\npackages/sd-generator-cli/sd_generator_cli/api/progress_reporter.py:149:21: E128 continuation line under-indented for visual indent\npackages/sd-generator-cli/sd_generator_cli/api/progress_reporter.py:150:21: E128 continuation line under-indented for visual indent\npackages/sd-generator-cli/sd_generator_cli/api/sdapi_client.py:197:37: F821 undefined name 'Any'\npackages/sd-generator-cli/sd_generator_cli/api/session_manager.py:7:1: F401 'os' imported but unused\npackages/sd-generator-cli/sd_generator_cli/api/session_manager.py:121:28: E128 continuation line under-indented for visual indent\npackages/sd-generator-cli/sd_generator_cli/api/session_manager.py:122:28: E128 continuation line under-indented for visual indent\npackages/sd-generator-cli/sd_generator_cli/api/session_manager.py:123:28: E128 continuation line under-indented for visual indent\npackages/sd-generator-cli/sd_generator_cli/api/session_manager.py:124:28: E128 continuation line under-indented for visual indent\npackages/sd-generator-cli/sd_generator_cli/cli.py:20:1: F401 're' imported but unused\npackages/sd-generator-cli/sd_generator_cli/cli.py:26:1: F401 'typing.IO' imported but unused\npackages/sd-generator-cli/sd_generator_cli/cli.py:59:5: F824 `global _current_manifest_path` is unused: name is never assigned in scope\npackages/sd-generator-cli/sd_generator_cli/cli.py:109:1: E402 module level import not at top of file\npackages/sd-generator-cli/sd_generator_cli/cli.py:281:27: F541 f-string is missing placeholders\npackages/sd-generator-cli/sd_generator_cli/cli.py:291:49: E741 ambiguous variable name 'l'\npackages/sd-generator-cli/sd_generator_cli/cli.py:299:27: F541 f-string is missing placeholders\npackages/sd-generator-cli/sd_generator_cli/cli.py:302:23: F541 f-string is missing placeholders\npackages/sd-generator-cli/sd_generator_cli/cli.py:322:35: F541 f-string is missing placeholders\npackages/sd-generator-cli/sd_generator_cli/cli.py:452:9: F811 redefinition of unused 're' from line 20\npackages/sd-generator-cli/sd_generator_cli/cli.py:502:121: E501 line too long (125 > 120 characters)\npackages/sd-generator-cli/sd_generator_cli/cli.py:631:121: E501 line too long (121 > 120 characters)\npackages/sd-generator-cli/sd_generator_cli/cli.py:684:121: E501 line too long (121 > 120 characters)\npackages/sd-generator-cli/sd_generator_cli/cli.py:771:28: F541 f-string is missing placeholders\npackages/sd-generator-cli/sd_generator_cli/cli.py:958:121: E501 line too long (134 > 120 characters)\npackages/sd-generator-cli/sd_generator_cli/cli.py:965:27: F541 f-string is missing placeholders\npackages/sd-generator-cli/sd_generator_cli/cli.py:1119:9: F401 'rich.text.Text' imported but unused\npackages/sd-generator-cli/sd_generator_cli/cli.py:1280:9: F841 local variable 'config' is assigned to but never used\npackages/sd-generator-cli/sd_generator_cli/cli.py:1735:1: F811 redefinition of unused 'list_themes' from line 1090\npackages/sd-generator-cli/sd_generator_cli/cli.py:1747:27: F541 f-string is missing placeholders\npackages/sd-generator-cli/sd_generator_cli/cli.py:1800:27: F541 f-string is missing placeholders\npackages/sd-generator-cli/sd_generator_cli/cli.py:1825:121: E501 line too long (123 > 120 characters)\npackages/sd-generator-cli/sd_generator_cli/cli.py:1873:27: F541 f-string is missing placeholders\npackages/sd-generator-cli/sd_generator_cli/cli.py:1888:27: F541 f-string is missing placeholders\npackages/sd-generator-cli/sd_generator_cli/cli.py:1889:27: F541 f-string is missing placeholders\npackages/sd-generator-cli/sd_generator_cli/daemon.py:303:9: F841 local variable 'proc' is assigned to but never used\npackages/sd-generator-cli/sd_generator_cli/daemon.py:314:23: F541 f-string is missing placeholders\npackages/sd-generator-cli/sd_generator_cli/daemon.py:324:121: E501 line too long (121 > 120 characters)\npackages/sd-generator-cli/sd_generator_cli/daemon.py:474:19: F541 f-string is missing placeholders\npackages/sd-generator-cli/sd_generator_cli/daemon.py:522:19: F541 f-string is missing placeholders\npackages/sd-generator-cli/sd_generator_cli/daemon.py:523:121: E501 line too long (131 > 120 characters)\npackages/sd-generator-cli/sd_generator_cli/execution/manifest.py:10:1: F401 'typing.Any' imported but unused\npackages/sd-generator-cli/sd_generator_cli/orchestrator/image_generator.py:120:17: F841 local variable 'success' is assigned to but never used\npackages/sd-generator-cli/sd_generator_cli/orchestrator/manifest_builder.py:5:1: F401 'typing.Optional' imported but unused\npackages/sd-generator-cli/sd_generator_cli/orchestrator/manifest_builder.py:252:121: E501 line too long (132 > 120 characters)\npackages/sd-generator-cli/sd_generator_cli/orchestrator/session_config_builder.py:3:1: F401 'pathlib.Path' imported but unused\npackages/sd-generator-cli/sd_generator_cli/orchestrator/session_event_collector.py:255:28: F541 f-string is missing placeholders\npackages/sd-generator-cli/sd_generator_cli/orchestrator/session_event_collector.py:283:121: E501 line too long (166 > 120 characters)\npackages/sd-generator-cli/sd_generator_cli/orchestrator/session_event_collector.py:299:121: E501 line too long (166 > 120 characters)\npackages/sd-generator-cli/sd_generator_cli/templating/generators/generator.py:10:1: F401 'typing.Tuple' imported but unused\npackages/sd-generator-cli/sd_generator_cli/templating/generators/generator.py:151:41: F541 f-string is missing placeholders\npackages/sd-generator-cli/sd_generator_cli/templating/generators/generator.py:152:41: F541 f-string is missing placeholders\npackages/sd-generator-cli/sd_generator_cli/templating/generators/generator.py:155:41: F541 f-string is missing placeholders\npackages/sd-generator-cli/sd_generator_cli/templating/generators/generator.py:156:41: F541 f-string is missing placeholders\npackages/sd-generator-cli/sd_generator_cli/templating/loaders/controlnet_parser.py:106:6: F821 undefined name 'Optional'\npackages/sd-generator-cli/sd_generator_cli/templating/loaders/controlnet_parser.py:190:1: E402 module level import not at top of file\npackages/sd-generator-cli/sd_generator_cli/templating/loaders/parser.py:638:10: F821 undefined name 'ControlNetConfig'\npackages/sd-generator-cli/sd_generator_cli/templating/loaders/parser.py:721:68: F821 undefined name 'ControlNetConfig'\npackages/sd-generator-cli/sd_generator_cli/templating/loaders/theme_loader.py:34:24: F821 undefined name 'ThemeConfigBlock'\npackages/sd-generator-cli/sd_generator_cli/templating/loaders/theme_loader.py:118:121: E501 line too long (127 > 120 characters)\npackages/sd-generator-cli/sd_generator_cli/templating/loaders/yaml_loader.py:21:1: F401 '..schemas.variations_schema.LegacyVariationsFileSchema' imported but unused\npackages/sd-generator-cli/sd_generator_cli/templating/models/config_models.py:191:34: F821 undefined name 'ImportResolution'\npackages/sd-generator-cli/sd_generator_cli/templating/orchestrator.py:28:1: F401 'sd_generator_cli.templating.models.config_models.ChunkConfig' imported but unused\npackages/sd-generator-cli/sd_generator_cli/templating/orchestrator.py:176:121: E501 line too long (127 > 120 characters)\npackages/sd-generator-cli/sd_generator_cli/templating/orchestrator.py:238:20: E713 test for membership should be 'not in'\npackages/sd-generator-cli/sd_generator_cli/templating/resolvers/import_resolver.py:344:121: E501 line too long (121 > 120 characters)\npackages/sd-generator-cli/sd_generator_cli/templating/resolvers/import_resolver.py:456:44: E713 test for membership should be 'not in'\npackages/sd-generator-cli/sd_generator_cli/templating/resolvers/inheritance_resolver.py:10:1: F401 'typing.Optional' imported but unused\npackages/sd-generator-cli/sd_generator_cli/templating/resolvers/style_resolver.py:62:17: F841 local variable 'style_found' is assigned to but never used\npackages/sd-generator-cli/sd_generator_cli/templating/resolvers/template_resolver.py:14:1: F401 'typing.Tuple' imported but unused\npackages/sd-generator-cli/sd_generator_cli/templating/resolvers/template_resolver.py:868:9: F841 local variable 'keys' is assigned to but never used\npackages/sd-generator-cli/sd_generator_cli/templating/schemas/adetailer_schema.py:9:1: F401 'typing.Union' imported but unused\npackages/sd-generator-cli/sd_generator_cli/templating/schemas/prompt_schema.py:19:121: E501 line too long (128 > 120 characters)\npackages/sd-generator-cli/sd_generator_cli/templating/schemas/prompt_schema.py:24:121: E501 line too long (136 > 120 characters)\npackages/sd-generator-cli/sd_generator_cli/templating/schemas/theme_schema.py:8:1: F401 'typing.Any' imported but unused\npackages/sd-generator-cli/sd_generator_cli/templating/schemas/variations_schema.py:45:121: E501 line too long (126 > 120 characters)\npackages/sd-generator-cli/sd_generator_cli/templating/schemas/variations_schema.py:52:121: E501 line too long (122 > 120 characters)\npackages/sd-generator-cli/sd_generator_cli/templating/schemas/variations_schema.py:74:121: E501 line too long (132 > 120 characters)\npackages/sd-generator-watchdog/sd_generator_watchdog/session_sync.py:11:1: F401 'datetime.datetime' imported but unused\npackages/sd-generator-watchdog/sd_generator_watchdog/session_sync.py:14:1: F401 'typing.List' imported but unused\npackages/sd-generator-watchdog/sd_generator_watchdog/session_sync.py:14:1: F401 'typing.Any' imported but unused\npackages/sd-generator-watchdog/sd_generator_watchdog/thumbnail_sync.py:24:121: E501 line too long (126 > 120 characters)\npackages/sd-generator-watchdog/sd_generator_watchdog/thumbnail_sync.py:201:121: E501 line too long (122 > 120 characters)\npackages/sd-generator-watchdog/sd_generator_watchdog/thumbnail_sync.py:211:21: F541 f-string is missing placeholders\npackages/sd-generator-watchdog/sd_generator_watchdog/thumbnail_sync.py:238:21: F541 f-string is missing placeholders\npackages/sd-generator-watchdog/sd_generator_watchdog/thumbnail_sync.py:270:21: F541 f-string is missing placeholders\n13    E128 continuation line under-indented for visual indent\n2     E402 module level import not at top of file\n23    E501 line too long (123 > 120 characters)\n2     E713 test for membership should be 'not in'\n1     E741 ambiguous variable name 'l'\n20    F401 '..templating.models.config_models.AnnotationsConfig' imported but unused\n23    F541 f-string is missing placeholders\n2     F811 redefinition of unused 're' from line 20\n6     F821 undefined name 'Any'\n1     F824 `global _current_manifest_path` is unused: name is never assigned in scope\n5     F841 local variable 'config' is assigned to but never used\n98\n"
      }
    },
    {
      "name": "Python Type Checking",
      "status": "error",
      "message": "50 errors found (all packages)",
      "duration": 16.51,
      "details": {
        "error_count": 50,
        "output": "packages/sd-generator-cli/sd_generator_cli/templating/models/config_models.py:191: error: Name \"ImportResolution\" is not defined  [name-defined]\npackages/sd-generator-cli/sd_generator_cli/templating/loaders/theme_loader.py:34: error: Name \"ThemeConfigBlock\" is not defined  [name-defined]\npackages/sd-generator-cli/sd_generator_cli/templating/loaders/theme_loader.py:173: error: Incompatible types in assignment (expression has type \"ThemeConfig | None\", variable has type \"ThemeConfig\")  [assignment]\npackages/sd-generator-cli/sd_generator_cli/templating/generators/generator.py:304: error: Need type annotation for \"prompts\" (hint: \"prompts: list[<type>] = ...\")  [var-annotated]\npackages/sd-generator-cli/sd_generator_cli/templating/resolvers/import_resolver.py:55: error: Incompatible default for argument \"style_sensitive_placeholders\" (default has type \"None\", argument has type \"list[str]\")  [assignment]\npackages/sd-generator-cli/sd_generator_cli/templating/resolvers/import_resolver.py:55: note: PEP 484 prohibits implicit Optional. Accordingly, mypy has changed its default to no_implicit_optional=True\npackages/sd-generator-cli/sd_generator_cli/templating/resolvers/import_resolver.py:55: note: Use https://github.com/hauntsaninja/no_implicit_optional to automatically upgrade your codebase\npackages/sd-generator-cli/sd_generator_cli/templating/resolvers/import_resolver.py:93: error: Argument \"style\" to \"_load_variation_file\" of \"ImportResolver\" has incompatible type \"str | None\"; expected \"str\"  [arg-type]\npackages/sd-generator-cli/sd_generator_cli/templating/resolvers/import_resolver.py:122: error: Argument \"style\" to \"_merge_multi_sources\" of \"ImportResolver\" has incompatible type \"str | None\"; expected \"str\"  [arg-type]\npackages/sd-generator-cli/sd_generator_cli/templating/resolvers/import_resolver.py:142: error: Argument \"style\" to \"_load_variation_file\" of \"ImportResolver\" has incompatible type \"str | None\"; expected \"str\"  [arg-type]\npackages/sd-generator-cli/sd_generator_cli/templating/resolvers/import_resolver.py:152: error: Argument \"style\" to \"_merge_multi_sources\" of \"ImportResolver\" has incompatible type \"str | None\"; expected \"str\"  [arg-type]\npackages/sd-generator-cli/sd_generator_cli/templating/resolvers/import_resolver.py:159: error: Incompatible return value type (got \"tuple[dict[Any, dict[str, str] | dict[str, dict[str, str]] | dict[str, Any]], dict[Any, dict[str, Any]]]\", expected \"tuple[dict[str, dict[str, str]], dict[str, dict[str, Any]]]\")  [return-value]\npackages/sd-generator-cli/sd_generator_cli/templating/resolvers/import_resolver.py:165: error: Incompatible default for argument \"style\" (default has type \"None\", argument has type \"str\")  [assignment]\npackages/sd-generator-cli/sd_generator_cli/templating/resolvers/import_resolver.py:165: note: PEP 484 prohibits implicit Optional. Accordingly, mypy has changed its default to no_implicit_optional=True\npackages/sd-generator-cli/sd_generator_cli/templating/resolvers/import_resolver.py:165: note: Use https://github.com/hauntsaninja/no_implicit_optional to automatically upgrade your codebase\npackages/sd-generator-cli/sd_generator_cli/templating/resolvers/import_resolver.py:166: error: Incompatible default for argument \"placeholder_name\" (default has type \"None\", argument has type \"str\")  [assignment]\npackages/sd-generator-cli/sd_generator_cli/templating/resolvers/import_resolver.py:166: note: PEP 484 prohibits implicit Optional. Accordingly, mypy has changed its default to no_implicit_optional=True\npackages/sd-generator-cli/sd_generator_cli/templating/resolvers/import_resolver.py:166: note: Use https://github.com/hauntsaninja/no_implicit_optional to automatically upgrade your codebase\npackages/sd-generator-cli/sd_generator_cli/templating/resolvers/import_resolver.py:272: error: Incompatible return value type (got \"ControlNetConfig\", expected \"dict[str, str] | dict[str, dict[str, str]] | dict[str, Any]\")  [return-value]\npackages/sd-generator-cli/sd_generator_cli/templating/resolvers/import_resolver.py:308: error: Incompatible default for argument \"style\" (default has type \"None\", argument has type \"str\")  [assignment]\npackages/sd-generator-cli/sd_generator_cli/templating/resolvers/import_resolver.py:308: note: PEP 484 prohibits implicit Optional. Accordingly, mypy has changed its default to no_implicit_optional=True\npackages/sd-generator-cli/sd_generator_cli/templating/resolvers/import_resolver.py:308: note: Use https://github.com/hauntsaninja/no_implicit_optional to automatically upgrade your codebase\npackages/sd-generator-cli/sd_generator_cli/templating/resolvers/import_resolver.py:309: error: Incompatible default for argument \"placeholder_name\" (default has type \"None\", argument has type \"str\")  [assignment]\npackages/sd-generator-cli/sd_generator_cli/templating/resolvers/import_resolver.py:309: note: PEP 484 prohibits implicit Optional. Accordingly, mypy has changed its default to no_implicit_optional=True\npackages/sd-generator-cli/sd_generator_cli/templating/resolvers/import_resolver.py:309: note: Use https://github.com/hauntsaninja/no_implicit_optional to automatically upgrade your codebase\npackages/sd-generator-cli/sd_generator_cli/templating/resolvers/import_resolver.py:353: error: Incompatible types in assignment (expression has type \"str | dict[str, str] | Any\", target has type \"str\")  [assignment]\npackages/sd-generator-cli/sd_generator_cli/templating/resolvers/import_resolver.py:357: error: Incompatible types in assignment (expression has type \"str | dict[str, str] | Any\", target has type \"str\")  [assignment]\npackages/sd-generator-cli/sd_generator_cli/templating/loaders/parser.py:329: error: Incompatible types in assignment (expression has type \"str\", target has type \"dict[str, str]\")  [assignment]\npackages/sd-generator-cli/sd_generator_cli/templating/loaders/parser.py:338: error: Incompatible return value type (got \"dict[str, dict[str, str]]\", expected \"dict[str, str | dict[str, str]]\")  [return-value]\npackages/sd-generator-cli/sd_generator_cli/templating/loaders/parser.py:338: note: \"dict\" is invariant -- see https://mypy.readthedocs.io/en/stable/common_issues.html#variance\npackages/sd-generator-cli/sd_generator_cli/templating/loaders/parser.py:338: note: Consider using \"Mapping\" instead, which is covariant in the value type\npackages/sd-generator-cli/sd_generator_cli/templating/loaders/parser.py:338: note: Perhaps you need a type annotation for \"parsed\"? Suggestion: \"dict[str, str | dict[str, str]]\"\npackages/sd-generator-cli/sd_generator_cli/templating/loaders/parser.py:638: error: Name \"ControlNetConfig\" is not defined  [name-defined]\npackages/sd-generator-cli/sd_generator_cli/templating/loaders/parser.py:721: error: Name \"ControlNetConfig\" is not defined  [name-defined]\npackages/sd-generator-cli/sd_generator_cli/templating/validators/validator.py:53: note: By default the bodies of untyped functions are not checked, consider using --check-untyped-defs  [annotation-unchecked]\npackages/sd-generator-cli/sd_generator_cli/orchestrator/session_event_collector.py:281: error: Argument 1 to \"update\" of \"Progress\" has incompatible type \"int\"; expected \"TaskID\"  [arg-type]\npackages/sd-generator-cli/sd_generator_cli/orchestrator/session_event_collector.py:297: error: Argument 1 to \"update\" of \"Progress\" has incompatible type \"int\"; expected \"TaskID\"  [arg-type]\npackages/sd-generator-cli/sd_generator_cli/api/sdapi_client.py:197: error: Name \"Any\" is not defined  [name-defined]\npackages/sd-generator-cli/sd_generator_cli/api/sdapi_client.py:197: note: Did you forget to import it from \"typing\"? (Suggestion: \"from typing import Any\")\npackages/sd-generator-cli/sd_generator_cli/orchestrator/prompt_config_converter.py:128: error: Argument \"parameters\" to \"PromptConfig\" has incompatible type \"Any | None\"; expected \"dict[Any, Any]\"  [arg-type]\npackages/sd-generator-cli/sd_generator_cli/templating/orchestrator.py:125: error: Incompatible types in assignment (expression has type \"PromptConfig\", variable has type \"TemplateConfig\")  [assignment]\npackages/sd-generator-cli/sd_generator_cli/templating/orchestrator.py:132: error: Incompatible return value type (got \"TemplateConfig\", expected \"PromptConfig\")  [return-value]\npackages/sd-generator-cli/sd_generator_cli/templating/orchestrator.py:233: error: Need type annotation for \"filtered_theme_imports\" (hint: \"filtered_theme_imports: dict[<type>, <type>] = ...\")  [var-annotated]\npackages/sd-generator-cli/sd_generator_cli/templating/orchestrator.py:234: error: Item \"None\" of \"ThemeConfig | None\" has no attribute \"imports\"  [union-attr]\npackages/sd-generator-cli/sd_generator_cli/templating/orchestrator.py:271: error: Item \"None\" of \"ThemeConfig | None\" has no attribute \"imports\"  [union-attr]\npackages/sd-generator-cli/sd_generator_cli/templating/orchestrator.py:272: error: Item \"None\" of \"ThemeConfig | None\" has no attribute \"name\"  [union-attr]\npackages/sd-generator-cli/sd_generator_cli/templating/orchestrator.py:337: error: Item \"TemplateConfig\" of \"TemplateConfig | PromptConfig\" has no attribute \"generation\"  [union-attr]\npackages/sd-generator-cli/sd_generator_cli/templating/orchestrator.py:339: error: Incompatible return value type (got \"tuple[TemplateConfig | PromptConfig, ResolvedContext]\", expected \"tuple[PromptConfig, ResolvedContext]\")  [return-value]\npackages/sd-generator-cli/sd_generator_cli/templating/orchestrator.py:534: error: Incompatible types in assignment (expression has type \"TemplateConfig | ChunkConfig | PromptConfig\", variable has type \"ChunkConfig\")  [assignment]\npackages/sd-generator-cli/sd_generator_cli/templating/orchestrator.py:730: error: Unsupported operand types for < (\"int\" and \"dict[str, Any]\")  [operator]\npackages/sd-generator-cli/sd_generator_cli/templating/orchestrator.py:730: note: Left operand is of type \"dict[str, Any] | int\"\npackages/sd-generator-cli/sd_generator_cli/templating/orchestrator.py:787: error: Item \"None\" of \"ThemeConfig | None\" has no attribute \"imports\"  [union-attr]\npackages/sd-generator-cli/sd_generator_cli/templating/orchestrator.py:794: error: Item \"None\" of \"ThemeConfig | None\" has no attribute \"name\"  [union-attr]\npackages/sd-generator-cli/sd_generator_cli/templating/orchestrator.py:795: error: Item \"None\" of \"ThemeConfig | None\" has no attribute \"path\"  [union-attr]\npackages/sd-generator-cli/sd_generator_cli/templating/orchestrator.py:796: error: Item \"None\" of \"ThemeConfig | None\" has no attribute \"explicit\"  [union-attr]\npackages/sd-generator-cli/sd_generator_cli/templating/orchestrator.py:797: error: Item \"None\" of \"ThemeConfig | None\" has no attribute \"imports\"  [union-attr]\npackages/sd-generator-cli/sd_generator_cli/templating/orchestrator.py:798: error: Item \"None\" of \"ThemeConfig | None\" has no attribute \"variations\"  [union-attr]\npackages/sd-generator-cli/sd_generator_cli/templating/orchestrator.py:829: error: Argument \"theme\" to \"validate_theme_compatibility\" of \"ThemeResolver\" has incompatible type \"ThemeConfig | None\"; expected \"ThemeConfig\"  [arg-type]\npackages/sd-generator-cli/sd_generator_cli/orchestrator/generation_orchestrator.py:209: error: Argument 1 to \"load\" of \"V2Pipeline\" has incompatible type \"Path\"; expected \"str\"  [arg-type]\npackages/sd-generator-cli/sd_generator_cli/orchestrator/generation_orchestrator.py:385: error: Argument \"api_client\" to \"ManifestBuilder\" has incompatible type \"SDAPIClient | None\"; expected \"SDAPIClient\"  [arg-type]\npackages/sd-generator-cli/sd_generator_cli/orchestrator/generation_orchestrator.py:441: error: Argument \"api_client\" to \"ImageGenerator\" has incompatible type \"SDAPIClient | None\"; expected \"SDAPIClient\"  [arg-type]\npackages/sd-generator-cli/sd_generator_cli/orchestrator/generation_orchestrator.py:442: error: Argument \"manifest_manager\" to \"ImageGenerator\" has incompatible type \"ManifestManager | None\"; expected \"ManifestManager\"  [arg-type]\npackages/sd-generator-cli/sd_generator_cli/cli.py:1147: error: Argument \"configs_dir\" to \"V2Pipeline\" has incompatible type \"Path\"; expected \"str | None\"  [arg-type]\npackages/sd-generator-cli/sd_generator_cli/cli.py:1159: error: Incompatible types in assignment (expression has type \"PromptConfig\", variable has type \"TemplateConfig\")  [assignment]\npackages/sd-generator-cli/sd_generator_cli/cli.py:1163: error: Incompatible types in assignment (expression has type \"TemplateConfig | ChunkConfig | PromptConfig\", variable has type \"TemplateConfig\")  [assignment]\npackages/sd-generator-cli/sd_generator_cli/cli.py:1734: error: Name \"list_themes\" already defined on line 1089  [no-redef]\nFound 50 errors in 11 files (checked 80 source files)\n"
      }
    },
    {
      "name": "Python Tests + Coverage",
      "status": "error",
      "message": "37 failed, 664 passed, 57% coverage",
      "duration": 81.26,
      "details": {
        "passed": 664,
        "failed": 37,
        "total": 701,
        "coverage_pct": 57
      }
    },
    {
      "name": "Complexity Analysis",
      "status": "warning",
      "message": "avg 11.1, 34 functions > 10",
      "duration": 3.69,
      "details": {
        "avg_complexity": 11.11320754716981,
        "high_complexity_count": 34,
        "high_complexity_functions": [
          {
            "file": "packages/sd-generator-cli/sd_generator_cli/cli.py",
            "function": "_generate",
            "line": 186,
            "complexity": 95
          },
          {
            "file": "packages/sd-generator-cli/sd_generator_cli/templating/resolvers/inheritance_resolver.py",
            "function": "_merge_configs",
            "line": 215,
            "complexity": 35
          },
          {
            "file": "packages/sd-generator-cli/sd_generator_cli/cli.py",
            "function": "list_themes",
            "line": 1090,
            "complexity": 32
          },
          {
            "file": "packages/sd-generator-cli/sd_generator_cli/templating/orchestrator.py",
            "function": "resolve",
            "line": 134,
            "complexity": 24
          },
          {
            "file": "packages/sd-generator-cli/sd_generator_cli/cli.py",
            "function": "list_controlnet_models",
            "line": 1640,
            "complexity": 22
          }
        ]
      }
    },
    {
      "name": "Dead Code Detection",
      "status": "warning",
      "message": "5 unused items",
      "duration": 2.73,
      "details": {
        "unused_count": 5,
        "unused_items": [
          "packages/sd-generator-cli/sd_generator_cli/cli.py:26: unused import 'IO' (90% confidence)",
          "packages/sd-generator-cli/sd_generator_cli/cli.py:71: unused variable 'frame' (100% confidence)",
          "packages/sd-generator-cli/sd_generator_cli/cli.py:71: unused variable 'signum' (100% confidence)",
          "packages/sd-generator-cli/sd_generator_cli/cli.py:1119: unused import 'Text' (90% confidence)",
          "packages/sd-generator-cli/sd_generator_cli/templating/loaders/yaml_loader.py:21: unused import 'LegacyVariationsFileSchema' (90% confidence)"
        ]
      }
    },
    {
      "name": "Security Scan",
      "status": "warning",
      "message": "Failed to parse bandit output: Expecting value: line 1 column 1 (char 0)",
      "duration": 4.29,
      "details": {}
    },
    {
      "name": "Frontend Linting",
      "status": "error",
      "message": "5 errors",
      "duration": 54.44,
      "details": {
        "error_count": 5
      }
    },
    {
      "name": "Frontend Tests",
      "status": "success",
      "message": "44 passed in 3 file(s)",
      "duration": 14.18,
      "details": {
        "test_files": 3,
        "passed": 44,
        "failed": 0
      }
    },
    {
      "name": "Frontend Build",
      "status": "success",
      "message": "4.9 MB",
      "duration": 14.69,
      "details": {
        "size_mb": 4.859916687011719
      }
    },
    {
      "name": "Python Packaging",
      "status": "success",
      "message": "2 files created",
      "duration": 19.32,
      "details": {
        "files": [
          "sd_generator_cli-2.0.0-py3-none-any.whl",
          "sd_generator_cli-2.0.0.tar.gz"
        ]
      }
    }
  ],
  "priority_actions": [
    {
      "priority": 8,
      "category": "TYPE",
      "description": "Fix 50 type checking errors",
      "location": null,
      "current_value": "50",
      "target_value": "0"
    },
    {
      "priority": 7,
      "category": "COVERAGE",
      "description": "Improve overall test coverage",
      "location": null,
      "current_value": "57%",
      "target_value": "> 80%"
    },
    {
      "priority": 6,
      "category": "COMPLEXITY",
      "description": "Reduce complexity in _generate()",
      "location": "cli.py:186",
      "current_value": "95",
      "target_value": "< 10"
    },
    {
      "priority": 6,
      "category": "COMPLEXITY",
      "description": "Reduce complexity in _merge_configs()",
      "location": "inheritance_resolver.py:215",
      "current_value": "35",
      "target_value": "< 10"
    },
    {
      "priority": 6,
      "category": "COMPLEXITY",
      "description": "Reduce complexity in list_themes()",
      "location": "cli.py:1090",
      "current_value": "32",
      "target_value": "< 10"
    }
  ]
}